<?xml version="1.0" encoding="UTF-8"?>
<testsuite xmlns:xsi="http://www.w3.org/2001/XMLSchema-instance" xsi:noNamespaceSchemaLocation="https://maven.apache.org/surefire/maven-surefire-plugin/xsd/surefire-test-report-3.0.xsd" version="3.0" name="runner.RunCucumberTest" time="0.881" tests="21" errors="0" skipped="0" failures="0">
  <properties>
[...]
</properties>
  <testcase name="Relato enviado com sucesso" classname="Historia1 - Relatar uma experiencia com um monitor" time="0.254"/>
  <testcase name="Relato enviado com sucesso" classname="Historia1 - Relatar uma experiencia com um monitor" time="0.016"/>
  <testcase name="Relato enviado com campos obrigatorios em branco" classname="Historia1 - Relatar uma experiencia com um monitor" time="0.031"/>
  <testcase name="Relato enviado com campos obrigatorios em branco" classname="Historia1 - Relatar uma experiencia com um monitor" time="0.012"/>
  <testcase name="Horários do monitor atualizados" classname="Historia2 - Cadastro de horários disponíveis do monitor" time="0.027"/>
  <testcase name="Horário inválido informado pelo monitor" classname="Historia2 - Cadastro de horários disponíveis do monitor" time="0.024"/>
  <testcase name="Dúvida registrada com sucesso" classname="Historia3 - Enviar uma dúvida a um monitor específico" time="0.018"/>
  <testcase name="Dúvida sem monitor selecionado" classname="Historia3 - Enviar uma dúvida a um monitor específico" time="0.015"/>
  <testcase name="Dúvida com mensagem vazia" classname="Historia3 - Enviar uma dúvida a um monitor específico" time="0.018"/>
  <testcase name="Resposta enviada com sucesso" classname="Historia5 - Responder duvida de alunos" time="0.012"/>
  <testcase name="Tentar responder dúvida sem escrever mensagem" classname="Historia5 - Responder duvida de alunos" time="0.014"/>
  <testcase name="Dúvida já respondida" classname="Historia5 - Responder duvida de alunos" time="0.013"/>
  <testcase name="Avaliação enviada com sucesso" classname="Historia6 - Avaliar alunos" time="0.019"/>
  <testcase name="Tentar avaliar sem preencher os campos obrigatórios" classname="Historia6 - Avaliar alunos" time="0.012"/>
  <testcase name="Avaliar um atendimento que ainda não ocorreu" classname="Historia6 - Avaliar alunos" time="0.012"/>
  <testcase name="Horários definidos com sucesso" classname="Historia7 - Definir meus horários disponíveis" time="0.024"/>
  <testcase name="Horários definidos com conflitos" classname="Historia7 - Definir meus horários disponíveis" time="0.014"/>
  <testcase name="Remoção de horários da agenda" classname="Historia7 - Definir meus horários disponíveis" time="0.013"/>
  <testcase name="Horário de monitoria definido com sucesso" classname="Historia8 - Definir horários de monitorias com alunos" time="0.012"/>
  <testcase name="Horário de monitoria entra em conflito com outro compromisso" classname="Historia8 - Definir horários de monitorias com alunos" time="0.009"/>
  <testcase name="Alteração de horário de monitoria" classname="Historia8 - Definir horários de monitorias com alunos" time="0.011"/>
</testsuite>